[proc] 正在执行命令: D:\MijiQAQ\Tools\llvm-mingw-ucrt-x86_64\bin\clang.exe -v
[main] 正在生成文件夹: c:/Users/18122/Documents/QtProject/202509/SQLDemo/build/Debug 
[main] 正在配置项目: SQLDemo 
[proc] 正在执行命令: D:/MijiQAQ/Tools/cmake-3.30.9-windows-x86_64/bin/cmake.exe -DCMAKE_BUILD_TYPE:STRING=Debug -DQt6_DIR:STRING=D:/MijiQAQ/Qt/6.8.3/mingw_64/lib/cmake/Qt6 -DCMAKE_PREFIX_PATH:STRING=D:/MijiQAQ/Qt/6.8.3/mingw_64 -DOpenCV_DIR:STRING=D:/Develop/Library/OpenCV -DDCMAKE_PREFIX_PATH:STRING=D:/MijiQAQ/Qt/6.8.3/mingw_64 -DCMAKE_EXPORT_COMPILE_COMMANDS:BOOL=TRUE -DCMAKE_C_COMPILER:FILEPATH=D:\MijiQAQ\Tools\llvm-mingw-ucrt-x86_64\bin\clang.exe -DCMAKE_CXX_COMPILER:FILEPATH=D:\MijiQAQ\Tools\llvm-mingw-ucrt-x86_64\bin\clang++.exe --no-warn-unused-cli -S C:/Users/18122/Documents/QtProject/202509/SQLDemo -B c:/Users/18122/Documents/QtProject/202509/SQLDemo/build/Debug -G Ninja
[cmake] Not searching for unused variables given on the command line.
[cmake] -- The CXX compiler identification is Clang 21.1.1
[cmake] -- Detecting CXX compiler ABI info
[cmake] -- Detecting CXX compiler ABI info - done
[cmake] -- Check for working CXX compiler: D:/MijiQAQ/Tools/llvm-mingw-ucrt-x86_64/bin/clang++.exe - skipped
[cmake] -- Detecting CXX compile features
[cmake] -- Detecting CXX compile features - done
[cmake] -- Performing Test CMAKE_HAVE_LIBC_PTHREAD
[cmake] -- Performing Test CMAKE_HAVE_LIBC_PTHREAD - Failed
[cmake] -- Check if compiler accepts -pthread
[cmake] -- Check if compiler accepts -pthread - yes
[cmake] -- Found Threads: TRUE
[cmake] -- Performing Test HAVE_STDATOMIC
[cmake] -- Performing Test HAVE_STDATOMIC - Success
[cmake] -- Found WrapAtomic: TRUE
[cmake] -- Configuring done (7.0s)
[cmake] -- Generating done (1.2s)
[cmake] -- Build files have been written to: C:/Users/18122/Documents/QtProject/202509/SQLDemo/build/Debug
[build] 正在启动生成
[proc] 正在执行命令: chcp
[proc] 正在执行命令: D:/MijiQAQ/Tools/cmake-3.30.9-windows-x86_64/bin/cmake.exe --build c:/Users/18122/Documents/QtProject/202509/SQLDemo/build/Debug --config Debug --target all --
[build] [2/16   6% :: 0.414] C:\WINDOWS\system32\cmd.exe /C "cd /D C:\Users\18122\Documents\QtProject\202509\SQLDemo\build\Debug && ( tasklist /FI "IMAGENAME eq SQLDemo.exe" | findstr /I SQLDemo.exe && taskkill /IM SQLDemo.exe /F || exit 0 )"
[build] [2/16  12% :: 1.596] Automatic MOC and UIC for target SqliteKit
[build] [3/16  18% :: 1.863] Automatic RCC for resources/SqliteKit.qrc
[build] [10/16  25% :: 2.085] Building CXX object SqliteKit/CMakeFiles/SqliteKit.dir/SqliteKit_autogen/3YJK5W5UP7/qrc_SqliteKit.cpp.obj
[build] [10/16  31% :: 3.242] Building CXX object SqliteKit/CMakeFiles/SqliteKit.dir/src/tablemodel.cpp.obj
[build] FAILED: SqliteKit/CMakeFiles/SqliteKit.dir/src/tablemodel.cpp.obj 
[build] D:\MijiQAQ\Tools\llvm-mingw-ucrt-x86_64\bin\clang++.exe -DQT_CORE_LIB -DQT_GUI_LIB -DQT_SQL_LIB -DQT_WIDGETS_LIB -DUNICODE -DWIN32 -DWIN64 -DWINVER=0x0A00 -D_ENABLE_EXTENDED_ALIGNED_STORAGE -D_UNICODE -D_WIN32_WINNT=0x0A00 -D_WIN64 -IC:/Users/18122/Documents/QtProject/202509/SQLDemo/build/Debug/SqliteKit/SqliteKit_autogen/include -IC:/Users/18122/Documents/QtProject/202509/SQLDemo/SqliteKit/include -IC:/Users/18122/Documents/QtProject/202509/SQLDemo/SqliteKit/src -isystem D:/MijiQAQ/Qt/6.8.3/mingw_64/include/QtWidgets -isystem D:/MijiQAQ/Qt/6.8.3/mingw_64/include -isystem D:/MijiQAQ/Qt/6.8.3/mingw_64/include/QtCore -isystem D:/MijiQAQ/Qt/6.8.3/mingw_64/mkspecs/win32-clang-g++ -isystem D:/MijiQAQ/Qt/6.8.3/mingw_64/include/QtGui -isystem D:/MijiQAQ/Qt/6.8.3/mingw_64/include/QtSql -g -std=c++17 -pthread -MD -MT SqliteKit/CMakeFiles/SqliteKit.dir/src/tablemodel.cpp.obj -MF SqliteKit\CMakeFiles\SqliteKit.dir\src\tablemodel.cpp.obj.d -o SqliteKit/CMakeFiles/SqliteKit.dir/src/tablemodel.cpp.obj -c C:/Users/18122/Documents/QtProject/202509/SQLDemo/SqliteKit/src/tablemodel.cpp
[build] In file included from C:/Users/18122/Documents/QtProject/202509/SQLDemo/SqliteKit/src/tablemodel.cpp:1:
[build] C:/Users/18122/Documents/QtProject/202509/SQLDemo/SqliteKit/src/../include/tablemodel.h:31:72: error: only virtual member functions can be marked 'override'
[build]    31 |     bool insertRow(int row, const QModelIndex &parent = QModelIndex()) override;
[build]       |                                                                        ^~~~~~~~
[build] C:/Users/18122/Documents/QtProject/202509/SQLDemo/SqliteKit/src/../include/tablemodel.h:32:72: error: only virtual member functions can be marked 'override'
[build]    32 |     bool removeRow(int row, const QModelIndex &parent = QModelIndex()) override;
[build]       |                                                                        ^~~~~~~~
[build] C:/Users/18122/Documents/QtProject/202509/SQLDemo/SqliteKit/src/tablemodel.cpp:52:43: error: calling 'record' with incomplete return type 'QSqlRecord'
[build]    52 |                 for (int i = 0; i < query.record().count(); ++i) {
[build]       |                                     ~~~~~~^~~~~~~~
[build] D:/MijiQAQ/Qt/6.8.3/mingw_64/include/QtSql/qsqlquery.h:71:16: note: 'record' declared here
[build]    71 |     QSqlRecord record() const;
[build]       |                ^
[build] D:/MijiQAQ/Qt/6.8.3/mingw_64/include/QtSql/qsqldatabase.h:18:7: note: forward declaration of 'QSqlRecord'
[build]    18 | class QSqlRecord;
[build]       |       ^
[build] C:/Users/18122/Documents/QtProject/202509/SQLDemo/SqliteKit/src/tablemodel.cpp:52:51: error: member access into incomplete type 'QSqlRecord'
[build]    52 |                 for (int i = 0; i < query.record().count(); ++i) {
[build]       |                                                   ^
[build] D:/MijiQAQ/Qt/6.8.3/mingw_64/include/QtSql/qsqldatabase.h:18:7: note: forward declaration of 'QSqlRecord'
[build]    18 | class QSqlRecord;
[build]       |       ^
[build] 4 errors generated.
[build] [10/16  37% :: 3.264] Building CXX object SqliteKit/CMakeFiles/SqliteKit.dir/src/treemodel.cpp.obj
[build] [10/16  43% :: 3.477] Building CXX object SqliteKit/CMakeFiles/SqliteKit.dir/src/SqliteKit.cpp.obj
[build] FAILED: SqliteKit/CMakeFiles/SqliteKit.dir/src/SqliteKit.cpp.obj 
[build] D:\MijiQAQ\Tools\llvm-mingw-ucrt-x86_64\bin\clang++.exe -DQT_CORE_LIB -DQT_GUI_LIB -DQT_SQL_LIB -DQT_WIDGETS_LIB -DUNICODE -DWIN32 -DWIN64 -DWINVER=0x0A00 -D_ENABLE_EXTENDED_ALIGNED_STORAGE -D_UNICODE -D_WIN32_WINNT=0x0A00 -D_WIN64 -IC:/Users/18122/Documents/QtProject/202509/SQLDemo/build/Debug/SqliteKit/SqliteKit_autogen/include -IC:/Users/18122/Documents/QtProject/202509/SQLDemo/SqliteKit/include -IC:/Users/18122/Documents/QtProject/202509/SQLDemo/SqliteKit/src -isystem D:/MijiQAQ/Qt/6.8.3/mingw_64/include/QtWidgets -isystem D:/MijiQAQ/Qt/6.8.3/mingw_64/include -isystem D:/MijiQAQ/Qt/6.8.3/mingw_64/include/QtCore -isystem D:/MijiQAQ/Qt/6.8.3/mingw_64/mkspecs/win32-clang-g++ -isystem D:/MijiQAQ/Qt/6.8.3/mingw_64/include/QtGui -isystem D:/MijiQAQ/Qt/6.8.3/mingw_64/include/QtSql -g -std=c++17 -pthread -MD -MT SqliteKit/CMakeFiles/SqliteKit.dir/src/SqliteKit.cpp.obj -MF SqliteKit\CMakeFiles\SqliteKit.dir\src\SqliteKit.cpp.obj.d -o SqliteKit/CMakeFiles/SqliteKit.dir/src/SqliteKit.cpp.obj -c C:/Users/18122/Documents/QtProject/202509/SQLDemo/SqliteKit/src/SqliteKit.cpp
[build] In file included from C:/Users/18122/Documents/QtProject/202509/SQLDemo/SqliteKit/src/SqliteKit.cpp:1:
[build] In file included from C:/Users/18122/Documents/QtProject/202509/SQLDemo/SqliteKit/src/SqliteKit.h:9:
[build] C:/Users/18122/Documents/QtProject/202509/SQLDemo/SqliteKit/src/../include/tablemodel.h:31:72: error: only virtual member functions can be marked 'override'
[build]    31 |     bool insertRow(int row, const QModelIndex &parent = QModelIndex()) override;
[build]       |                                                                        ^~~~~~~~
[build] C:/Users/18122/Documents/QtProject/202509/SQLDemo/SqliteKit/src/../include/tablemodel.h:32:72: error: only virtual member functions can be marked 'override'
[build]    32 |     bool removeRow(int row, const QModelIndex &parent = QModelIndex()) override;
[build]       |                                                                        ^~~~~~~~
[build] C:/Users/18122/Documents/QtProject/202509/SQLDemo/SqliteKit/src/SqliteKit.cpp:176:31: error: no member named 'tabWidget' in 'Ui::SqliteKit'
[build]   176 |     QWidget *currentTab = ui->tabWidget->currentWidget();
[build]       |                           ~~  ^
[build] C:/Users/18122/Documents/QtProject/202509/SQLDemo/SqliteKit/src/SqliteKit.cpp:188:31: error: no member named 'tabWidget' in 'Ui::SqliteKit'
[build]   188 |     QWidget *currentTab = ui->tabWidget->currentWidget();
[build]       |                           ~~  ^
[build] C:/Users/18122/Documents/QtProject/202509/SQLDemo/SqliteKit/src/SqliteKit.cpp:218:24: error: no member named 'tabWidget' in 'Ui::SqliteKit'
[build]   218 |     int tabIndex = ui->tabWidget->addTab(tab, tableName);
[build]       |                    ~~  ^
[build] C:/Users/18122/Documents/QtProject/202509/SQLDemo/SqliteKit/src/SqliteKit.cpp:219:9: error: no member named 'tabWidget' in 'Ui::SqliteKit'
[build]   219 |     ui->tabWidget->setCurrentIndex(tabIndex);
[build]       |     ~~  ^
[build] C:/Users/18122/Documents/QtProject/202509/SQLDemo/SqliteKit/src/SqliteKit.cpp:227:29: error: no member named 'tabWidget' in 'Ui::SqliteKit'
[build]   227 |     for (int i = 0; i < ui->tabWidget->count(); ++i) {
[build]       |                         ~~  ^
[build] C:/Users/18122/Documents/QtProject/202509/SQLDemo/SqliteKit/src/SqliteKit.cpp:228:17: error: no member named 'tabWidget' in 'Ui::SqliteKit'
[build]   228 |         if (ui->tabWidget->tabText(i) == tableName) {
[build]       |             ~~  ^
[build] C:/Users/18122/Documents/QtProject/202509/SQLDemo/SqliteKit/src/SqliteKit.cpp:229:17: error: no member named 'tabWidget' in 'Ui::SqliteKit'
[build]   229 |             ui->tabWidget->setCurrentIndex(i);
[build]       |             ~~  ^
[build] C:/Users/18122/Documents/QtProject/202509/SQLDemo/SqliteKit/src/SqliteKit.cpp:238:29: error: no member named 'tabWidget' in 'Ui::SqliteKit'
[build]   238 |     for (int i = 0; i < ui->tabWidget->count(); ++i) {
[build]       |                         ~~  ^
[build] C:/Users/18122/Documents/QtProject/202509/SQLDemo/SqliteKit/src/SqliteKit.cpp:239:17: error: no member named 'tabWidget' in 'Ui::SqliteKit'
[build]   239 |         if (ui->tabWidget->tabText(i) == tableName) {
[build]       |             ~~  ^
[build] 11 errors generated.
[build] [10/16  50% :: 3.500] Building CXX object SqliteKit/CMakeFiles/SqliteKit.dir/SqliteKit_autogen/mocs_compilation.cpp.obj
[build] FAILED: SqliteKit/CMakeFiles/SqliteKit.dir/SqliteKit_autogen/mocs_compilation.cpp.obj 
[build] D:\MijiQAQ\Tools\llvm-mingw-ucrt-x86_64\bin\clang++.exe -DQT_CORE_LIB -DQT_GUI_LIB -DQT_SQL_LIB -DQT_WIDGETS_LIB -DUNICODE -DWIN32 -DWIN64 -DWINVER=0x0A00 -D_ENABLE_EXTENDED_ALIGNED_STORAGE -D_UNICODE -D_WIN32_WINNT=0x0A00 -D_WIN64 -IC:/Users/18122/Documents/QtProject/202509/SQLDemo/build/Debug/SqliteKit/SqliteKit_autogen/include -IC:/Users/18122/Documents/QtProject/202509/SQLDemo/SqliteKit/include -IC:/Users/18122/Documents/QtProject/202509/SQLDemo/SqliteKit/src -isystem D:/MijiQAQ/Qt/6.8.3/mingw_64/include/QtWidgets -isystem D:/MijiQAQ/Qt/6.8.3/mingw_64/include -isystem D:/MijiQAQ/Qt/6.8.3/mingw_64/include/QtCore -isystem D:/MijiQAQ/Qt/6.8.3/mingw_64/mkspecs/win32-clang-g++ -isystem D:/MijiQAQ/Qt/6.8.3/mingw_64/include/QtGui -isystem D:/MijiQAQ/Qt/6.8.3/mingw_64/include/QtSql -g -std=c++17 -pthread -MD -MT SqliteKit/CMakeFiles/SqliteKit.dir/SqliteKit_autogen/mocs_compilation.cpp.obj -MF SqliteKit\CMakeFiles\SqliteKit.dir\SqliteKit_autogen\mocs_compilation.cpp.obj.d -o SqliteKit/CMakeFiles/SqliteKit.dir/SqliteKit_autogen/mocs_compilation.cpp.obj -c C:/Users/18122/Documents/QtProject/202509/SQLDemo/build/Debug/SqliteKit/SqliteKit_autogen/mocs_compilation.cpp
[build] In file included from C:/Users/18122/Documents/QtProject/202509/SQLDemo/build/Debug/SqliteKit/SqliteKit_autogen/mocs_compilation.cpp:2:
[build] In file included from C:/Users/18122/Documents/QtProject/202509/SQLDemo/build/Debug/SqliteKit/SqliteKit_autogen/6YEA5652QU/moc_tablemodel.cpp:9:
[build] C:/Users/18122/Documents/QtProject/202509/SQLDemo/build/Debug/SqliteKit/SqliteKit_autogen/6YEA5652QU/../../../../../SqliteKit/include/tablemodel.h:31:72: error: only virtual member functions can be marked 'override'
[build]    31 |     bool insertRow(int row, const QModelIndex &parent = QModelIndex()) override;
[build]       |                                                                        ^~~~~~~~
[build] C:/Users/18122/Documents/QtProject/202509/SQLDemo/build/Debug/SqliteKit/SqliteKit_autogen/6YEA5652QU/../../../../../SqliteKit/include/tablemodel.h:32:72: error: only virtual member functions can be marked 'override'
[build]    32 |     bool removeRow(int row, const QModelIndex &parent = QModelIndex()) override;
[build]       |                                                                        ^~~~~~~~
[build] 2 errors generated.
[build] [10/16  56% :: 3.754] Building CXX object SqliteKit/CMakeFiles/SqliteKit.dir/src/treeview.cpp.obj
[build] [10/16  62% :: 3.799] Building CXX object SqliteKit/CMakeFiles/SqliteKit.dir/src/tableview.cpp.obj
[build] ninja: build stopped: subcommand failed.
[proc] 命令“D:/MijiQAQ/Tools/cmake-3.30.9-windows-x86_64/bin/cmake.exe --build c:/Users/18122/Documents/QtProject/202509/SQLDemo/build/Debug --config Debug --target all --”已退出，代码为 1
[driver] 生成完毕: 00:00:04.144
[build] 生成已完成，退出代码为 1
